<?xml version="1.0" encoding="UTF-8"?>
<!-- Generated by org.testng.reporters.JUnitReportReporter -->
<testsuite skipped="0" hostname="DESKTOP-MHJPJ1Q" name="TestScenario1" tests="5" failures="0" timestamp="2020-01-26T16:18:07 EST" time="26.047" errors="0">
  <testcase name="navigation" time="21.168" classname="TestScenario1"/>
  <system-out/>
  <testcase name="verifyRestaurant" time="0.700" classname="TestScenario1"/>
  <system-out/>
  <testcase name="verifyTabs" time="0.056" classname="TestScenario1"/>
  <system-out/>
  <testcase name="searchRestaurant" time="2.426" classname="TestScenario1"/>
  <system-out/>
  <testcase name="restaurantList" time="1.697" classname="TestScenario1"/>
  <system-out/>
</testsuite> <!-- TestScenario1 -->
